  main.cpp
C:\Users\eltig\source\repos\pppp1\pppp1\main.cpp(12,67): warning C4227: устаревший элемент: пропуск квалификаторов для ссылки
C:\Users\eltig\source\repos\pppp1\pppp1\main.cpp(13,95): warning C4227: устаревший элемент: пропуск квалификаторов для ссылки
C:\Users\eltig\source\repos\pppp1\pppp1\main.cpp(14,91): warning C4227: устаревший элемент: пропуск квалификаторов для ссылки
C:\Users\eltig\source\repos\pppp1\pppp1\main.cpp(15,91): warning C4227: устаревший элемент: пропуск квалификаторов для ссылки
C:\Users\eltig\source\repos\pppp1\pppp1\main.cpp(16,91): warning C4227: устаревший элемент: пропуск квалификаторов для ссылки
C:\Users\eltig\source\repos\pppp1\pppp1\main.cpp(17,91): warning C4227: устаревший элемент: пропуск квалификаторов для ссылки
C:\Users\eltig\source\repos\pppp1\pppp1\main.cpp(18,56): warning C4227: устаревший элемент: пропуск квалификаторов для ссылки
C:\Users\eltig\source\repos\pppp1\pppp1\main.cpp(19,120): warning C4227: устаревший элемент: пропуск квалификаторов для ссылки
C:\Users\eltig\source\repos\pppp1\pppp1\main.cpp(19,149): warning C4227: устаревший элемент: пропуск квалификаторов для ссылки
C:\Users\eltig\source\repos\pppp1\pppp1\main.cpp(20,29): warning C4227: устаревший элемент: пропуск квалификаторов для ссылки
C:\Users\eltig\source\repos\pppp1\pppp1\main.cpp(26,119): warning C4227: устаревший элемент: пропуск квалификаторов для ссылки
C:\Users\eltig\source\repos\pppp1\pppp1\main.cpp(26,149): warning C4227: устаревший элемент: пропуск квалификаторов для ссылки
C:\Users\eltig\source\repos\pppp1\pppp1\main.cpp(27,30): warning C4227: устаревший элемент: пропуск квалификаторов для ссылки
C:\Users\eltig\source\repos\pppp1\pppp1\main.cpp(33,120): warning C4227: устаревший элемент: пропуск квалификаторов для ссылки
C:\Users\eltig\source\repos\pppp1\pppp1\main.cpp(33,149): warning C4227: устаревший элемент: пропуск квалификаторов для ссылки
C:\Users\eltig\source\repos\pppp1\pppp1\main.cpp(34,30): warning C4227: устаревший элемент: пропуск квалификаторов для ссылки
C:\Users\eltig\source\repos\pppp1\pppp1\main.cpp(34,60): warning C4227: устаревший элемент: пропуск квалификаторов для ссылки
C:\Users\eltig\source\repos\pppp1\pppp1\main.cpp(44,1): warning C4326: возвращаемый тип "main" должен быть "int", а не "void"
C:\Users\eltig\source\repos\pppp1\pppp1\main.cpp(45,12): warning C4244: аргумент: преобразование "time_t" в "unsigned int", возможна потеря данных
C:\Users\eltig\source\repos\pppp1\pppp1\main.cpp(323,67): warning C4227: устаревший элемент: пропуск квалификаторов для ссылки
C:\Users\eltig\source\repos\pppp1\pppp1\main.cpp(333,95): warning C4227: устаревший элемент: пропуск квалификаторов для ссылки
C:\Users\eltig\source\repos\pppp1\pppp1\main.cpp(346,91): warning C4227: устаревший элемент: пропуск квалификаторов для ссылки
C:\Users\eltig\source\repos\pppp1\pppp1\main.cpp(354,91): warning C4227: устаревший элемент: пропуск квалификаторов для ссылки
C:\Users\eltig\source\repos\pppp1\pppp1\main.cpp(362,91): warning C4227: устаревший элемент: пропуск квалификаторов для ссылки
C:\Users\eltig\source\repos\pppp1\pppp1\main.cpp(370,91): warning C4227: устаревший элемент: пропуск квалификаторов для ссылки
C:\Users\eltig\source\repos\pppp1\pppp1\main.cpp(378,56): warning C4227: устаревший элемент: пропуск квалификаторов для ссылки
  pppp1.vcxproj -> C:\Users\eltig\source\repos\pppp1\Debug\pppp1.exe
